<!DOCTYPE html>

<html>
  <head>
  <meta charset='utf-8'>
  <title>TestNG reports</title>

    <link type="text/css" href="testng-reports.css" rel="stylesheet" />  
    <script type="text/javascript" src="jquery-1.7.1.min.js"></script>
    <script type="text/javascript" src="testng-reports.js"></script>
    <script type="text/javascript" src="https://www.google.com/jsapi"></script>
    <script type='text/javascript'>
      google.load('visualization', '1', {packages:['table']});
      google.setOnLoadCallback(drawTable);
      var suiteTableInitFunctions = new Array();
      var suiteTableData = new Array();
    </script>
    <!--
      <script type="text/javascript" src="jquery-ui/js/jquery-ui-1.8.16.custom.min.js"></script>
     -->
  </head>

  <body>
    <div class="top-banner-root">
      <span class="top-banner-title-font">Test results</span>
      <br/>
      <span class="top-banner-font-1">1 suite, 6 failed tests</span>
    </div> <!-- top-banner-root -->
    <div class="navigator-root">
      <div class="navigator-suite-header">
        <span>All suites</span>
        <a href="#" class="collapse-all-link" title="Collapse/expand all the suites">
          <img class="collapse-all-icon" src="collapseall.gif">
          </img> <!-- collapse-all-icon -->
        </a> <!-- collapse-all-link -->
      </div> <!-- navigator-suite-header -->
      <div class="suite">
        <div class="rounded-window">
          <div class="suite-header light-rounded-window-top">
            <a href="#" class="navigator-link" panel-name="suite-Suite">
              <span class="suite-name border-failed">Suite</span>
            </a> <!-- navigator-link -->
          </div> <!-- suite-header light-rounded-window-top -->
          <div class="navigator-suite-content">
            <div class="suite-section-title">
              <span>Info</span>
            </div> <!-- suite-section-title -->
            <div class="suite-section-content">
              <ul>
                <li>
                  <a href="#" class="navigator-link " panel-name="test-xml-Suite">
                    <span>C:\Users\RoOoKa\eclipse-workspace\DoPayRollTasks\src\test\java\Testing.xml</span>
                  </a> <!-- navigator-link  -->
                </li>
                <li>
                  <a href="#" class="navigator-link " panel-name="testlist-Suite">
                    <span class="test-stats">1 test</span>
                  </a> <!-- navigator-link  -->
                </li>
                <li>
                  <a href="#" class="navigator-link " panel-name="group-Suite">
                    <span>0 groups</span>
                  </a> <!-- navigator-link  -->
                </li>
                <li>
                  <a href="#" class="navigator-link " panel-name="times-Suite">
                    <span>Times</span>
                  </a> <!-- navigator-link  -->
                </li>
                <li>
                  <a href="#" class="navigator-link " panel-name="reporter-Suite">
                    <span>Reporter output</span>
                  </a> <!-- navigator-link  -->
                </li>
                <li>
                  <a href="#" class="navigator-link " panel-name="ignored-methods-Suite">
                    <span>Ignored methods</span>
                  </a> <!-- navigator-link  -->
                </li>
                <li>
                  <a href="#" class="navigator-link " panel-name="chronological-Suite">
                    <span>Chronological view</span>
                  </a> <!-- navigator-link  -->
                </li>
              </ul>
            </div> <!-- suite-section-content -->
            <div class="result-section">
              <div class="suite-section-title">
                <span>Results</span>
              </div> <!-- suite-section-title -->
              <div class="suite-section-content">
                <ul>
                  <li>
                    <span class="method-stats">10 methods, 6 failed,   4 passed</span>
                  </li>
                  <li>
                    <span class="method-list-title failed">Failed methods</span>
                    <span class="show-or-hide-methods failed">
                      <a href="#" panel-name="suite-Suite" class="hide-methods failed suite-Suite"> (hide)</a> <!-- hide-methods failed suite-Suite -->
                      <a href="#" panel-name="suite-Suite" class="show-methods failed suite-Suite"> (show)</a> <!-- show-methods failed suite-Suite -->
                    </span>
                    <div class="method-list-content failed suite-Suite">
                      <span>
                        <img width="3%" src="failed.png"/>
                        <a href="#" class="method navigator-link" panel-name="suite-Suite" title="test.RunTest" hash-for-method="LoginTest(msaeedatteya@gmail.com, 123456, Correct, $2y$10$SnVeZfv2ONw5ndwGqscjD.EZlaEELnepBILOym/LmrV.rHpuTY9....)">LoginTest(msaeedatteya@gmail.com, 123456, Correct, $2y$10$SnVeZfv2ONw5ndwGqscjD.EZlaEELnepBILOym/LmrV.rHpuTY9....)</a> <!-- method navigator-link -->
                      </span>
                      <br/>
                      <span>
                        <img width="3%" src="failed.png"/>
                        <a href="#" class="method navigator-link" panel-name="suite-Suite" title="test.AddEmpPageTest" hash-for-method="ValidateEmployeeCreation(Sherok, SS, MM, KK, 21/15/2018, DDFD, HR, she@eg.spark.sol.com, 50000, pass)">ValidateEmployeeCreation(Sherok, SS, MM, KK, 21/15/2018, DDFD, HR, she@eg.spark.sol.com, 50000, pass)</a> <!-- method navigator-link -->
                      </span>
                      <br/>
                      <span>
                        <img width="3%" src="failed.png"/>
                        <a href="#" class="method navigator-link" panel-name="suite-Suite" title="test.AddEmpPageTest" hash-for-method="ValidateEmployeeCreation(AA, Q, Gj, JH, 15/02/2020, DDFD, Development, shetui@eg.spark.sol.com, 50000, pass)">ValidateEmployeeCreation(AA, Q, Gj, JH, 15/02/2020, DDFD, Development, shetui@eg.spark.sol.com, 50000, pass)</a> <!-- method navigator-link -->
                      </span>
                      <br/>
                      <span>
                        <img width="3%" src="failed.png"/>
                        <a href="#" class="method navigator-link" panel-name="suite-Suite" title="test.AddEmpPageTest" hash-for-method="ValidateEmployeeCreation(Edward, John, Kim, Harry, 14/01/2019, DDFD, HR, kim@eg.spark.sol.com, 50000, Not to be Added in DB)">ValidateEmployeeCreation(Edward, John, Kim, Harry, 14/01/2019, DDFD, HR, kim@eg.spark.sol.com, 50000, Not to be Added in DB)</a> <!-- method navigator-link -->
                      </span>
                      <br/>
                      <span>
                        <img width="3%" src="failed.png"/>
                        <a href="#" class="method navigator-link" panel-name="suite-Suite" title="test.AddEmpPageTest" hash-for-method="ValidateEmployeeCreation(kk, bb, uu, qq, 15/02/2018, DDFDyt1, Design, she@333, 50000, This value should be a valid email.)">ValidateEmployeeCreation(kk, bb, uu, qq, 15/02/2018, DDFDyt1, Design, she@333, 50000, This value should be a valid email.)</a> <!-- method navigator-link -->
                      </span>
                      <br/>
                      <span>
                        <img width="3%" src="failed.png"/>
                        <a href="#" class="method navigator-link" panel-name="suite-Suite" title="test.AddEmpPageTest" hash-for-method="ValidateEmployeeCreation(, ii, ll, ii, 15/11/2018, EELU, Planing, sherr@eg.spark.sol.com, 50000, This value is required.)">ValidateEmployeeCreation(, ii, ll, ii, 15/11/2018, EELU, Planing, sherr@eg.spark.sol.com, 50000, This value is required.)</a> <!-- method navigator-link -->
                      </span>
                      <br/>
                    </div> <!-- method-list-content failed suite-Suite -->
                  </li>
                  <li>
                    <span class="method-list-title passed">Passed methods</span>
                    <span class="show-or-hide-methods passed">
                      <a href="#" panel-name="suite-Suite" class="hide-methods passed suite-Suite"> (hide)</a> <!-- hide-methods passed suite-Suite -->
                      <a href="#" panel-name="suite-Suite" class="show-methods passed suite-Suite"> (show)</a> <!-- show-methods passed suite-Suite -->
                    </span>
                    <div class="method-list-content passed suite-Suite">
                      <span>
                        <img width="3%" src="passed.png"/>
                        <a href="#" class="method navigator-link" panel-name="suite-Suite" title="test.RunTest" hash-for-method="LoginTest(, 123456, The email field is required., )">LoginTest(, 123456, The email field is required., )</a> <!-- method navigator-link -->
                      </span>
                      <br/>
                      <span>
                        <img width="3%" src="passed.png"/>
                        <a href="#" class="method navigator-link" panel-name="suite-Suite" title="test.RunTest" hash-for-method="LoginTest(msaeedatteya@gmail.com, , The password field is required., )">LoginTest(msaeedatteya@gmail.com, , The password field is required., )</a> <!-- method navigator-link -->
                      </span>
                      <br/>
                      <span>
                        <img width="3%" src="passed.png"/>
                        <a href="#" class="method navigator-link" panel-name="suite-Suite" title="test.RunTest" hash-for-method="LoginTest(msaeedatteya@gmail.com, 555555fff55, These credentials do not match our records., )">LoginTest(msaeedatteya@gmail.com, 555555fff55, These credentials do not match our records., )</a> <!-- method navigator-link -->
                      </span>
                      <br/>
                      <span>
                        <img width="3%" src="passed.png"/>
                        <a href="#" class="method navigator-link" panel-name="suite-Suite" title="test.RunTest" hash-for-method="LoginTest(name@gmail.com, 123456, These credentials do not match our records., )">LoginTest(name@gmail.com, 123456, These credentials do not match our records., )</a> <!-- method navigator-link -->
                      </span>
                      <br/>
                    </div> <!-- method-list-content passed suite-Suite -->
                  </li>
                </ul>
              </div> <!-- suite-section-content -->
            </div> <!-- result-section -->
          </div> <!-- navigator-suite-content -->
        </div> <!-- rounded-window -->
      </div> <!-- suite -->
    </div> <!-- navigator-root -->
    <div class="wrapper">
      <div class="main-panel-root">
        <div panel-name="suite-Suite" class="panel Suite">
          <div class="suite-Suite-class-failed">
            <div class="main-panel-header rounded-window-top">
              <img src="failed.png"/>
              <span class="class-name">test.AddEmpPageTest</span>
            </div> <!-- main-panel-header rounded-window-top -->
            <div class="main-panel-content rounded-window-bottom">
              <div class="method">
                <div class="method-content">
                  <a name="ValidateEmployeeCreation(Sherok, SS, MM, KK, 21/15/2018, DDFD, HR, she@eg.spark.sol.com, 50000, pass)">
                  </a> <!-- ValidateEmployeeCreation(Sherok, SS, MM, KK, 21/15/2018, DDFD, HR, she@eg.spark.sol.com, 50000, pass) -->
                  <span class="method-name">ValidateEmployeeCreation</span>
                  <span class="parameters">(Sherok, SS, MM, KK, 21/15/2018, DDFD, HR, she@eg.spark.sol.com, 50000, pass)</span>
                  <div class="stack-trace">org.openqa.selenium.NoSuchElementException: Unable to locate element: //*[@id=&quot;departments_dt_next&quot;]/a
For documentation on this error, please visit: https://www.seleniumhq.org/exceptions/no_such_element.html
Build info: version: &apos;3.141.59&apos;, revision: &apos;e82be7d358&apos;, time: &apos;2018-11-14T08:17:03&apos;
System info: host: &apos;ENG-ROOKA&apos;, ip: &apos;192.168.1.12&apos;, os.name: &apos;Windows 8.1&apos;, os.arch: &apos;amd64&apos;, os.version: &apos;6.3&apos;, java.version: &apos;1.8.0_51&apos;
Driver info: org.openqa.selenium.firefox.FirefoxDriver
Capabilities {acceptInsecureCerts: true, browserName: firefox, browserVersion: 63.0.3, javascriptEnabled: true, moz:accessibilityChecks: false, moz:geckodriverVersion: 0.23.0, moz:headless: false, moz:processID: 31112, moz:profile: C:\Users\RoOoKa\AppData\Loc..., moz:useNonSpecCompliantPointerOrigin: false, moz:webdriverClick: true, pageLoadStrategy: normal, platform: WINDOWS, platformName: WINDOWS, platformVersion: 10.0, rotatable: false, setWindowRect: true, timeouts: {implicit: 0, pageLoad: 300000, script: 30000}, unhandledPromptBehavior: dismiss and notify}
Session ID: a85e87eb-6de7-454c-be4f-2a0fc6378d95
*** Element info: {Using=xpath, value=//*[@id=&quot;departments_dt_next&quot;]/a}
	at org.openqa.selenium.remote.http.W3CHttpResponseCodec.createException(W3CHttpResponseCodec.java:187)
	at org.openqa.selenium.remote.http.W3CHttpResponseCodec.decode(W3CHttpResponseCodec.java:122)
	at org.openqa.selenium.remote.http.W3CHttpResponseCodec.decode(W3CHttpResponseCodec.java:49)
	at org.openqa.selenium.remote.HttpCommandExecutor.execute(HttpCommandExecutor.java:158)
	at org.openqa.selenium.remote.service.DriverCommandExecutor.execute(DriverCommandExecutor.java:83)
	at org.openqa.selenium.remote.RemoteWebDriver.execute(RemoteWebDriver.java:552)
	at org.openqa.selenium.remote.RemoteWebDriver.findElement(RemoteWebDriver.java:323)
	at org.openqa.selenium.remote.RemoteWebDriver.findElementByXPath(RemoteWebDriver.java:428)
	at org.openqa.selenium.By$ByXPath.findElement(By.java:353)
	at org.openqa.selenium.remote.RemoteWebDriver.findElement(RemoteWebDriver.java:315)
	at executionEngine.DriverInti.findByXpath(DriverInti.java:82)
	at pages.HomePage.getElements(HomePage.java:35)
	at pages.HomePage.&lt;init&gt;(HomePage.java:30)
	at test.AddEmpPageTest.ValidateEmployeeCreation(AddEmpPageTest.java:18)
... Removed 29 stack frames
</div> <!-- stack-trace -->
                </div> <!-- method-content -->
              </div> <!-- method -->
              <div class="method">
                <div class="method-content">
                  <a name="ValidateEmployeeCreation(AA, Q, Gj, JH, 15/02/2020, DDFD, Development, shetui@eg.spark.sol.com, 50000, pass)">
                  </a> <!-- ValidateEmployeeCreation(AA, Q, Gj, JH, 15/02/2020, DDFD, Development, shetui@eg.spark.sol.com, 50000, pass) -->
                  <span class="method-name">ValidateEmployeeCreation</span>
                  <span class="parameters">(AA, Q, Gj, JH, 15/02/2020, DDFD, Development, shetui@eg.spark.sol.com, 50000, pass)</span>
                  <div class="stack-trace">org.openqa.selenium.ElementClickInterceptedException: Element &lt;a class=&quot;btn btn-default&quot; href=&quot;/employees/create&quot;&gt; is not clickable at point (1265.5,95) because another element &lt;div class=&quot;ui-pnotify-text&quot;&gt; obscures it
Build info: version: &apos;3.141.59&apos;, revision: &apos;e82be7d358&apos;, time: &apos;2018-11-14T08:17:03&apos;
System info: host: &apos;ENG-ROOKA&apos;, ip: &apos;192.168.1.12&apos;, os.name: &apos;Windows 8.1&apos;, os.arch: &apos;amd64&apos;, os.version: &apos;6.3&apos;, java.version: &apos;1.8.0_51&apos;
Driver info: org.openqa.selenium.firefox.FirefoxDriver
Capabilities {acceptInsecureCerts: true, browserName: firefox, browserVersion: 63.0.3, javascriptEnabled: true, moz:accessibilityChecks: false, moz:geckodriverVersion: 0.23.0, moz:headless: false, moz:processID: 31112, moz:profile: C:\Users\RoOoKa\AppData\Loc..., moz:useNonSpecCompliantPointerOrigin: false, moz:webdriverClick: true, pageLoadStrategy: normal, platform: WINDOWS, platformName: WINDOWS, platformVersion: 10.0, rotatable: false, setWindowRect: true, timeouts: {implicit: 0, pageLoad: 300000, script: 30000}, unhandledPromptBehavior: dismiss and notify}
Session ID: a85e87eb-6de7-454c-be4f-2a0fc6378d95
	at org.openqa.selenium.remote.http.W3CHttpResponseCodec.createException(W3CHttpResponseCodec.java:187)
	at org.openqa.selenium.remote.http.W3CHttpResponseCodec.decode(W3CHttpResponseCodec.java:122)
	at org.openqa.selenium.remote.http.W3CHttpResponseCodec.decode(W3CHttpResponseCodec.java:49)
	at org.openqa.selenium.remote.HttpCommandExecutor.execute(HttpCommandExecutor.java:158)
	at org.openqa.selenium.remote.service.DriverCommandExecutor.execute(DriverCommandExecutor.java:83)
	at org.openqa.selenium.remote.RemoteWebDriver.execute(RemoteWebDriver.java:552)
	at org.openqa.selenium.remote.RemoteWebElement.execute(RemoteWebElement.java:285)
	at org.openqa.selenium.remote.RemoteWebElement.click(RemoteWebElement.java:84)
	at executionEngine.DriverInti.click(DriverInti.java:54)
	at pages.HomePage.clickadd(HomePage.java:58)
	at test.AddEmpPageTest.ValidateEmployeeCreation(AddEmpPageTest.java:19)
... Removed 29 stack frames
</div> <!-- stack-trace -->
                </div> <!-- method-content -->
              </div> <!-- method -->
              <div class="method">
                <div class="method-content">
                  <a name="ValidateEmployeeCreation(Edward, John, Kim, Harry, 14/01/2019, DDFD, HR, kim@eg.spark.sol.com, 50000, Not to be Added in DB)">
                  </a> <!-- ValidateEmployeeCreation(Edward, John, Kim, Harry, 14/01/2019, DDFD, HR, kim@eg.spark.sol.com, 50000, Not to be Added in DB) -->
                  <span class="method-name">ValidateEmployeeCreation</span>
                  <span class="parameters">(Edward, John, Kim, Harry, 14/01/2019, DDFD, HR, kim@eg.spark.sol.com, 50000, Not to be Added in DB)</span>
                  <div class="stack-trace">org.openqa.selenium.StaleElementReferenceException: The element reference of &lt;input id=&quot;firstsalary&quot; class=&quot;numbersOnly form-control col-md-7 col-xs-12 parsley-success&quot; name=&quot;firstSalary&quot; type=&quot;text&quot;&gt; is stale; either the element is no longer attached to the DOM, it is not in the current frame context, or the document has been refreshed
For documentation on this error, please visit: https://www.seleniumhq.org/exceptions/stale_element_reference.html
Build info: version: &apos;3.141.59&apos;, revision: &apos;e82be7d358&apos;, time: &apos;2018-11-14T08:17:03&apos;
System info: host: &apos;ENG-ROOKA&apos;, ip: &apos;192.168.1.12&apos;, os.name: &apos;Windows 8.1&apos;, os.arch: &apos;amd64&apos;, os.version: &apos;6.3&apos;, java.version: &apos;1.8.0_51&apos;
Driver info: org.openqa.selenium.firefox.FirefoxDriver
Capabilities {acceptInsecureCerts: true, browserName: firefox, browserVersion: 63.0.3, javascriptEnabled: true, moz:accessibilityChecks: false, moz:geckodriverVersion: 0.23.0, moz:headless: false, moz:processID: 31112, moz:profile: C:\Users\RoOoKa\AppData\Loc..., moz:useNonSpecCompliantPointerOrigin: false, moz:webdriverClick: true, pageLoadStrategy: normal, platform: WINDOWS, platformName: WINDOWS, platformVersion: 10.0, rotatable: false, setWindowRect: true, timeouts: {implicit: 0, pageLoad: 300000, script: 30000}, unhandledPromptBehavior: dismiss and notify}
Session ID: a85e87eb-6de7-454c-be4f-2a0fc6378d95
	at org.openqa.selenium.remote.http.W3CHttpResponseCodec.createException(W3CHttpResponseCodec.java:187)
	at org.openqa.selenium.remote.http.W3CHttpResponseCodec.decode(W3CHttpResponseCodec.java:122)
	at org.openqa.selenium.remote.http.W3CHttpResponseCodec.decode(W3CHttpResponseCodec.java:49)
	at org.openqa.selenium.remote.HttpCommandExecutor.execute(HttpCommandExecutor.java:158)
	at org.openqa.selenium.remote.service.DriverCommandExecutor.execute(DriverCommandExecutor.java:83)
	at org.openqa.selenium.remote.RemoteWebDriver.execute(RemoteWebDriver.java:552)
	at org.openqa.selenium.remote.RemoteWebElement.execute(RemoteWebElement.java:285)
	at org.openqa.selenium.remote.RemoteWebElement.clear(RemoteWebElement.java:124)
	at executionEngine.DriverInti.clear(DriverInti.java:62)
	at pages.AddEmpPage.createSteps(AddEmpPage.java:138)
	at test.AddEmpPageTest.ValidateEmployeeCreation(AddEmpPageTest.java:20)
... Removed 29 stack frames
</div> <!-- stack-trace -->
                </div> <!-- method-content -->
              </div> <!-- method -->
              <div class="method">
                <div class="method-content">
                  <a name="ValidateEmployeeCreation(kk, bb, uu, qq, 15/02/2018, DDFDyt1, Design, she@333, 50000, This value should be a valid email.)">
                  </a> <!-- ValidateEmployeeCreation(kk, bb, uu, qq, 15/02/2018, DDFDyt1, Design, she@333, 50000, This value should be a valid email.) -->
                  <span class="method-name">ValidateEmployeeCreation</span>
                  <span class="parameters">(kk, bb, uu, qq, 15/02/2018, DDFDyt1, Design, she@333, 50000, This value should be a valid email.)</span>
                  <div class="stack-trace">org.openqa.selenium.ElementClickInterceptedException: Element &lt;a class=&quot;btn btn-default&quot; href=&quot;/employees/create&quot;&gt; is not clickable at point (1265.5,95) because another element &lt;div class=&quot;ui-pnotify-text&quot;&gt; obscures it
Build info: version: &apos;3.141.59&apos;, revision: &apos;e82be7d358&apos;, time: &apos;2018-11-14T08:17:03&apos;
System info: host: &apos;ENG-ROOKA&apos;, ip: &apos;192.168.1.12&apos;, os.name: &apos;Windows 8.1&apos;, os.arch: &apos;amd64&apos;, os.version: &apos;6.3&apos;, java.version: &apos;1.8.0_51&apos;
Driver info: org.openqa.selenium.firefox.FirefoxDriver
Capabilities {acceptInsecureCerts: true, browserName: firefox, browserVersion: 63.0.3, javascriptEnabled: true, moz:accessibilityChecks: false, moz:geckodriverVersion: 0.23.0, moz:headless: false, moz:processID: 31112, moz:profile: C:\Users\RoOoKa\AppData\Loc..., moz:useNonSpecCompliantPointerOrigin: false, moz:webdriverClick: true, pageLoadStrategy: normal, platform: WINDOWS, platformName: WINDOWS, platformVersion: 10.0, rotatable: false, setWindowRect: true, timeouts: {implicit: 0, pageLoad: 300000, script: 30000}, unhandledPromptBehavior: dismiss and notify}
Session ID: a85e87eb-6de7-454c-be4f-2a0fc6378d95
	at org.openqa.selenium.remote.http.W3CHttpResponseCodec.createException(W3CHttpResponseCodec.java:187)
	at org.openqa.selenium.remote.http.W3CHttpResponseCodec.decode(W3CHttpResponseCodec.java:122)
	at org.openqa.selenium.remote.http.W3CHttpResponseCodec.decode(W3CHttpResponseCodec.java:49)
	at org.openqa.selenium.remote.HttpCommandExecutor.execute(HttpCommandExecutor.java:158)
	at org.openqa.selenium.remote.service.DriverCommandExecutor.execute(DriverCommandExecutor.java:83)
	at org.openqa.selenium.remote.RemoteWebDriver.execute(RemoteWebDriver.java:552)
	at org.openqa.selenium.remote.RemoteWebElement.execute(RemoteWebElement.java:285)
	at org.openqa.selenium.remote.RemoteWebElement.click(RemoteWebElement.java:84)
	at executionEngine.DriverInti.click(DriverInti.java:54)
	at pages.HomePage.clickadd(HomePage.java:58)
	at test.AddEmpPageTest.ValidateEmployeeCreation(AddEmpPageTest.java:19)
... Removed 29 stack frames
</div> <!-- stack-trace -->
                </div> <!-- method-content -->
              </div> <!-- method -->
              <div class="method">
                <div class="method-content">
                  <a name="ValidateEmployeeCreation(, ii, ll, ii, 15/11/2018, EELU, Planing, sherr@eg.spark.sol.com, 50000, This value is required.)">
                  </a> <!-- ValidateEmployeeCreation(, ii, ll, ii, 15/11/2018, EELU, Planing, sherr@eg.spark.sol.com, 50000, This value is required.) -->
                  <span class="method-name">ValidateEmployeeCreation</span>
                  <span class="parameters">(, ii, ll, ii, 15/11/2018, EELU, Planing, sherr@eg.spark.sol.com, 50000, This value is required.)</span>
                  <div class="stack-trace">org.openqa.selenium.ElementClickInterceptedException: Element &lt;a class=&quot;btn btn-default&quot; href=&quot;/employees/create&quot;&gt; is not clickable at point (1265.5,95) because another element &lt;div class=&quot;ui-pnotify-text&quot;&gt; obscures it
Build info: version: &apos;3.141.59&apos;, revision: &apos;e82be7d358&apos;, time: &apos;2018-11-14T08:17:03&apos;
System info: host: &apos;ENG-ROOKA&apos;, ip: &apos;192.168.1.12&apos;, os.name: &apos;Windows 8.1&apos;, os.arch: &apos;amd64&apos;, os.version: &apos;6.3&apos;, java.version: &apos;1.8.0_51&apos;
Driver info: org.openqa.selenium.firefox.FirefoxDriver
Capabilities {acceptInsecureCerts: true, browserName: firefox, browserVersion: 63.0.3, javascriptEnabled: true, moz:accessibilityChecks: false, moz:geckodriverVersion: 0.23.0, moz:headless: false, moz:processID: 31112, moz:profile: C:\Users\RoOoKa\AppData\Loc..., moz:useNonSpecCompliantPointerOrigin: false, moz:webdriverClick: true, pageLoadStrategy: normal, platform: WINDOWS, platformName: WINDOWS, platformVersion: 10.0, rotatable: false, setWindowRect: true, timeouts: {implicit: 0, pageLoad: 300000, script: 30000}, unhandledPromptBehavior: dismiss and notify}
Session ID: a85e87eb-6de7-454c-be4f-2a0fc6378d95
	at org.openqa.selenium.remote.http.W3CHttpResponseCodec.createException(W3CHttpResponseCodec.java:187)
	at org.openqa.selenium.remote.http.W3CHttpResponseCodec.decode(W3CHttpResponseCodec.java:122)
	at org.openqa.selenium.remote.http.W3CHttpResponseCodec.decode(W3CHttpResponseCodec.java:49)
	at org.openqa.selenium.remote.HttpCommandExecutor.execute(HttpCommandExecutor.java:158)
	at org.openqa.selenium.remote.service.DriverCommandExecutor.execute(DriverCommandExecutor.java:83)
	at org.openqa.selenium.remote.RemoteWebDriver.execute(RemoteWebDriver.java:552)
	at org.openqa.selenium.remote.RemoteWebElement.execute(RemoteWebElement.java:285)
	at org.openqa.selenium.remote.RemoteWebElement.click(RemoteWebElement.java:84)
	at executionEngine.DriverInti.click(DriverInti.java:54)
	at pages.HomePage.clickadd(HomePage.java:58)
	at test.AddEmpPageTest.ValidateEmployeeCreation(AddEmpPageTest.java:19)
... Removed 29 stack frames
</div> <!-- stack-trace -->
                </div> <!-- method-content -->
              </div> <!-- method -->
            </div> <!-- main-panel-content rounded-window-bottom -->
          </div> <!-- suite-Suite-class-failed -->
          <div class="suite-Suite-class-failed">
            <div class="main-panel-header rounded-window-top">
              <img src="failed.png"/>
              <span class="class-name">test.RunTest</span>
            </div> <!-- main-panel-header rounded-window-top -->
            <div class="main-panel-content rounded-window-bottom">
              <div class="method">
                <div class="method-content">
                  <a name="LoginTest(msaeedatteya@gmail.com, 123456, Correct, $2y$10$SnVeZfv2ONw5ndwGqscjD.EZlaEELnepBILOym/LmrV.rHpuTY9....)">
                  </a> <!-- LoginTest(msaeedatteya@gmail.com, 123456, Correct, $2y$10$SnVeZfv2ONw5ndwGqscjD.EZlaEELnepBILOym/LmrV.rHpuTY9....) -->
                  <span class="method-name">LoginTest</span>
                  <span class="parameters">(msaeedatteya@gmail.com, 123456, Correct, $2y$10$SnVeZfv2ONw5ndwGqscjD.EZlaEELnepBILOym/LmrV.rHpuTY9.a)</span>
                  <div class="stack-trace">java.lang.AssertionError: The following asserts failed:
	expected [http://dev-api-dopayroll.ztmz2r22rz.us-east-1.elasticbeanstalk.com/employees] but found [http://dev-api-dopayroll.ztmz2r22rz.us-east-1.elasticbeanstalk.com/login]
	at pages.loginpage.loginvalidation(loginpage.java:109)
	at test.RunTest.LoginTest(RunTest.java:29)
... Removed 26 stack frames
</div> <!-- stack-trace -->
                </div> <!-- method-content -->
              </div> <!-- method -->
            </div> <!-- main-panel-content rounded-window-bottom -->
          </div> <!-- suite-Suite-class-failed -->
          <div class="suite-Suite-class-passed">
            <div class="main-panel-header rounded-window-top">
              <img src="passed.png"/>
              <span class="class-name">test.RunTest</span>
            </div> <!-- main-panel-header rounded-window-top -->
            <div class="main-panel-content rounded-window-bottom">
              <div class="method">
                <div class="method-content">
                  <a name="LoginTest(, 123456, The email field is required., )">
                  </a> <!-- LoginTest(, 123456, The email field is required., ) -->
                  <span class="method-name">LoginTest</span>
                  <span class="parameters">(, 123456, The email field is required., )</span>
                </div> <!-- method-content -->
              </div> <!-- method -->
              <div class="method">
                <div class="method-content">
                  <a name="LoginTest(msaeedatteya@gmail.com, , The password field is required., )">
                  </a> <!-- LoginTest(msaeedatteya@gmail.com, , The password field is required., ) -->
                  <span class="method-name">LoginTest</span>
                  <span class="parameters">(msaeedatteya@gmail.com, , The password field is required., )</span>
                </div> <!-- method-content -->
              </div> <!-- method -->
              <div class="method">
                <div class="method-content">
                  <a name="LoginTest(msaeedatteya@gmail.com, 555555fff55, These credentials do not match our records., )">
                  </a> <!-- LoginTest(msaeedatteya@gmail.com, 555555fff55, These credentials do not match our records., ) -->
                  <span class="method-name">LoginTest</span>
                  <span class="parameters">(msaeedatteya@gmail.com, 555555fff55, These credentials do not match our records., )</span>
                </div> <!-- method-content -->
              </div> <!-- method -->
              <div class="method">
                <div class="method-content">
                  <a name="LoginTest(name@gmail.com, 123456, These credentials do not match our records., )">
                  </a> <!-- LoginTest(name@gmail.com, 123456, These credentials do not match our records., ) -->
                  <span class="method-name">LoginTest</span>
                  <span class="parameters">(name@gmail.com, 123456, These credentials do not match our records., )</span>
                </div> <!-- method-content -->
              </div> <!-- method -->
            </div> <!-- main-panel-content rounded-window-bottom -->
          </div> <!-- suite-Suite-class-passed -->
        </div> <!-- panel Suite -->
        <div panel-name="test-xml-Suite" class="panel">
          <div class="main-panel-header rounded-window-top">
            <span class="header-content">C:\Users\RoOoKa\eclipse-workspace\DoPayRollTasks\src\test\java\Testing.xml</span>
          </div> <!-- main-panel-header rounded-window-top -->
          <div class="main-panel-content rounded-window-bottom">
            <pre>
&lt;?xml version=&quot;1.0&quot; encoding=&quot;UTF-8&quot;?&gt;
&lt;!DOCTYPE suite SYSTEM &quot;http://testng.org/testng-1.0.dtd&quot;&gt;
&lt;suite name=&quot;Suite&quot;&gt;
  &lt;test name=&quot;Test&quot;&gt;
    &lt;parameter name=&quot;browser&quot; value=&quot;firefox&quot;/&gt;
    &lt;classes&gt;
      &lt;class name=&quot;test.RunTest&quot;/&gt;
      &lt;class name=&quot;test.AddEmpPageTest&quot;/&gt;
    &lt;/classes&gt;
  &lt;/test&gt; &lt;!-- Test --&gt;
&lt;/suite&gt; &lt;!-- Suite --&gt;
            </pre>
          </div> <!-- main-panel-content rounded-window-bottom -->
        </div> <!-- panel -->
        <div panel-name="testlist-Suite" class="panel">
          <div class="main-panel-header rounded-window-top">
            <span class="header-content">Tests for Suite</span>
          </div> <!-- main-panel-header rounded-window-top -->
          <div class="main-panel-content rounded-window-bottom">
            <ul>
              <li>
                <span class="test-name">Test (2 classes)</span>
              </li>
            </ul>
          </div> <!-- main-panel-content rounded-window-bottom -->
        </div> <!-- panel -->
        <div panel-name="group-Suite" class="panel">
          <div class="main-panel-header rounded-window-top">
            <span class="header-content">Groups for Suite</span>
          </div> <!-- main-panel-header rounded-window-top -->
          <div class="main-panel-content rounded-window-bottom">
          </div> <!-- main-panel-content rounded-window-bottom -->
        </div> <!-- panel -->
        <div panel-name="times-Suite" class="panel">
          <div class="main-panel-header rounded-window-top">
            <span class="header-content">Times for Suite</span>
          </div> <!-- main-panel-header rounded-window-top -->
          <div class="main-panel-content rounded-window-bottom">
            <div class="times-div">
              <script type="text/javascript">
suiteTableInitFunctions.push('tableData_Suite');
function tableData_Suite() {
var data = new google.visualization.DataTable();
data.addColumn('number', 'Number');
data.addColumn('string', 'Method');
data.addColumn('string', 'Class');
data.addColumn('number', 'Time (ms)');
data.addRows(10);
data.setCell(0, 0, 0)
data.setCell(0, 1, 'ValidateEmployeeCreation')
data.setCell(0, 2, 'test.AddEmpPageTest')
data.setCell(0, 3, 53343);
data.setCell(1, 0, 1)
data.setCell(1, 1, 'LoginTest')
data.setCell(1, 2, 'test.RunTest')
data.setCell(1, 3, 7397);
data.setCell(2, 0, 2)
data.setCell(2, 1, 'ValidateEmployeeCreation')
data.setCell(2, 2, 'test.AddEmpPageTest')
data.setCell(2, 3, 5089);
data.setCell(3, 0, 3)
data.setCell(3, 1, 'ValidateEmployeeCreation')
data.setCell(3, 2, 'test.AddEmpPageTest')
data.setCell(3, 3, 3380);
data.setCell(4, 0, 4)
data.setCell(4, 1, 'LoginTest')
data.setCell(4, 2, 'test.RunTest')
data.setCell(4, 3, 2344);
data.setCell(5, 0, 5)
data.setCell(5, 1, 'LoginTest')
data.setCell(5, 2, 'test.RunTest')
data.setCell(5, 3, 2338);
data.setCell(6, 0, 6)
data.setCell(6, 1, 'LoginTest')
data.setCell(6, 2, 'test.RunTest')
data.setCell(6, 3, 2274);
data.setCell(7, 0, 7)
data.setCell(7, 1, 'LoginTest')
data.setCell(7, 2, 'test.RunTest')
data.setCell(7, 3, 2237);
data.setCell(8, 0, 8)
data.setCell(8, 1, 'ValidateEmployeeCreation')
data.setCell(8, 2, 'test.AddEmpPageTest')
data.setCell(8, 3, 270);
data.setCell(9, 0, 9)
data.setCell(9, 1, 'ValidateEmployeeCreation')
data.setCell(9, 2, 'test.AddEmpPageTest')
data.setCell(9, 3, 270);
window.suiteTableData['Suite']= { tableData: data, tableDiv: 'times-div-Suite'}
return data;
}
              </script>
              <span class="suite-total-time">Total running time: 1 minutes</span>
              <div id="times-div-Suite">
              </div> <!-- times-div-Suite -->
            </div> <!-- times-div -->
          </div> <!-- main-panel-content rounded-window-bottom -->
        </div> <!-- panel -->
        <div panel-name="reporter-Suite" class="panel">
          <div class="main-panel-header rounded-window-top">
            <span class="header-content">Reporter output for Suite</span>
          </div> <!-- main-panel-header rounded-window-top -->
          <div class="main-panel-content rounded-window-bottom">
          </div> <!-- main-panel-content rounded-window-bottom -->
        </div> <!-- panel -->
        <div panel-name="ignored-methods-Suite" class="panel">
          <div class="main-panel-header rounded-window-top">
            <span class="header-content">0 ignored methods</span>
          </div> <!-- main-panel-header rounded-window-top -->
          <div class="main-panel-content rounded-window-bottom">
          </div> <!-- main-panel-content rounded-window-bottom -->
        </div> <!-- panel -->
        <div panel-name="chronological-Suite" class="panel">
          <div class="main-panel-header rounded-window-top">
            <span class="header-content">Methods in chronological order</span>
          </div> <!-- main-panel-header rounded-window-top -->
          <div class="main-panel-content rounded-window-bottom">
            <div class="chronological-class">
              <div class="chronological-class-name">test.RunTest</div> <!-- chronological-class-name -->
              <div class="configuration-test before">
                <span class="method-name">beforeTest(firefox)</span>
                <span class="method-start">0 ms</span>
              </div> <!-- configuration-test before -->
              <div class="test-method">
                <span class="method-name">LoginTest(name@gmail.com, 123456, These credentials do not match our records., )</span>
                <span class="method-start">44277 ms</span>
              </div> <!-- test-method -->
              <div class="test-method">
                <span class="method-name">LoginTest(msaeedatteya@gmail.com, 555555fff55, These credentials do not match our records., )</span>
                <span class="method-start">52229 ms</span>
              </div> <!-- test-method -->
              <div class="test-method">
                <span class="method-name">LoginTest(, 123456, The email field is required., )</span>
                <span class="method-start">54583 ms</span>
              </div> <!-- test-method -->
              <div class="test-method">
                <span class="method-name">LoginTest(msaeedatteya@gmail.com, , The password field is required., )</span>
                <span class="method-start">56943 ms</span>
              </div> <!-- test-method -->
              <div class="test-method">
                <img src="failed.png">
                </img>
                <span class="method-name">LoginTest(msaeedatteya@gmail.com, 123456, Correct, $2y$10$SnVeZfv2ONw5ndwGqscjD.EZlaEELnepBILOym/LmrV.rHpuTY9....)</span>
                <span class="method-start">59195 ms</span>
              </div> <!-- test-method -->
            </div> <!-- chronological-class -->
            <div class="chronological-class">
              <div class="chronological-class-name">test.AddEmpPageTest</div> <!-- chronological-class-name -->
              <div class="configuration-class before">
                <span class="method-name">beforeClass</span>
                <span class="method-start">61554 ms</span>
              </div> <!-- configuration-class before -->
              <div class="test-method">
                <img src="failed.png">
                </img>
                <span class="method-name">ValidateEmployeeCreation(Edward, John, Kim, Harry, 14/01/2019, DDFD, HR, kim@eg.spark.sol.com, 50000, Not to be Added in DB)</span>
                <span class="method-start">61746 ms</span>
              </div> <!-- test-method -->
              <div class="test-method">
                <img src="failed.png">
                </img>
                <span class="method-name">ValidateEmployeeCreation(Sherok, SS, MM, KK, 21/15/2018, DDFD, HR, she@eg.spark.sol.com, 50000, pass)</span>
                <span class="method-start">115105 ms</span>
              </div> <!-- test-method -->
              <div class="test-method">
                <img src="failed.png">
                </img>
                <span class="method-name">ValidateEmployeeCreation(kk, bb, uu, qq, 15/02/2018, DDFDyt1, Design, she@333, 50000, This value should be a valid email.)</span>
                <span class="method-start">120225 ms</span>
              </div> <!-- test-method -->
              <div class="test-method">
                <img src="failed.png">
                </img>
                <span class="method-name">ValidateEmployeeCreation(, ii, ll, ii, 15/11/2018, EELU, Planing, sherr@eg.spark.sol.com, 50000, This value is required.)</span>
                <span class="method-start">123620 ms</span>
              </div> <!-- test-method -->
              <div class="test-method">
                <img src="failed.png">
                </img>
                <span class="method-name">ValidateEmployeeCreation(AA, Q, Gj, JH, 15/02/2020, DDFD, Development, shetui@eg.spark.sol.com, 50000, pass)</span>
                <span class="method-start">124021 ms</span>
              </div> <!-- test-method -->
          </div> <!-- main-panel-content rounded-window-bottom -->
        </div> <!-- panel -->
      </div> <!-- main-panel-root -->
    </div> <!-- wrapper -->
  </body>
</html>
